GDRE Tools v0.9.1
Windows 10.0.26100, NVIDIA GeForce RTX 3070 Ti Laptop GPU, opengl3
Opening file: F:/Game/Kooeh v0.1.29/Kooeh v0.1.29.exe
WARNING: Could not find embedded pck in EXE, found pck file, loading from: F:/Game/Kooeh v0.1.29/Kooeh v0.1.29.exe
   at: GDRESettings::load_project (modules\gdsdecomp\utility\gdre_settings.cpp:590)
Verified 6489 files, no errors detected!
Extracted 6489 files, no errors detected!
WARNING: Converting lossy imports, you may lose fidelity for indicated assets when re-importing upon loading the project
   at: ImportExporter::export_imports (modules\gdsdecomp\utility\import_exporter.cpp:285)
Recreating plugin configs...
WARNING: Failed to recreate plugin.cfg for buildable_system
   at: ImportExporter::recreate_plugin_configs (modules\gdsdecomp\utility\import_exporter.cpp:613)
Exporting resources in parallel...
Loading resource strings, this may take a while!!
Resource strings loaded!
WARNING: Conversion for Resource of type Resource and format dialogue not implemented
   at: ImportExporter::report_unsupported_resource (modules\gdsdecomp\utility\import_exporter.cpp:670)
WARNING: Conversion for Resource of type FontFile and format fnt not implemented
   at: ImportExporter::report_unsupported_resource (modules\gdsdecomp\utility\import_exporter.cpp:670)
Saved project config project.godot.


********************************EXPORT REPORT********************************

Totals:                                 
Decompiled scripts:                     340
Failed scripts:                         0
Imported resources for export session:  2983
Successfully converted:                 2978
Lossy:                                  0
Rewrote metadata:                       2620
Non-importable conversions:             16
Not converted:                          5
Failed conversions:                     0
-------------

------

The following plugins failed to have their plugin.cfg regenerated:
buildable_system
------

The following files were converted and saved to a non-original path, but did not have their import data rewritten.
These files will not be re-imported when loading the project.
res://.godot/imported/T_Icon_TwilightFoundry_Logo.svg-e73a2a876ba139d13517e4c11e9c046e.ctex to res://.assets/Art/UI/T_Icon_TwilightFoundry_Logo.png
res://.godot/imported/icon.svg-bbdb449df1a4914b06ced7f31be23a19.ctex to res://.assets/PlaceHolder Assets/Sprites/Scene/icon.png
res://.godot/imported/icon.svg-17eb5d3e2a3cfbe59852220758c5b7bd.ctex to res://.assets/addons/dialogue_manager/assets/icon.png
res://.godot/imported/responses_menu.svg-87cf63ca685d53616205049572f4eb8f.ctex to res://.assets/addons/dialogue_manager/assets/responses_menu.png
res://.godot/imported/update.svg-f1628866ed4eb2e13e3b81f75443687e.ctex to res://.assets/addons/dialogue_manager/assets/update.png
res://.godot/imported/bank_icon.svg-8de6c7bff09a67352e162b3c61b601de.ctex to res://.assets/addons/fmod/icons/bank_icon.png
res://.godot/imported/bus_icon.svg-f536ffd3c4893e79a9d3cb9a1b4fb50c.ctex to res://.assets/addons/fmod/icons/bus_icon.png
res://.godot/imported/c_parameter_icon.svg-04115c2482c9a6874356ffdc09c41db0.ctex to res://.assets/addons/fmod/icons/c_parameter_icon.png
res://.godot/imported/d_parameter_icon.svg-d339e4e3f950ae8593b999ef51579136.ctex to res://.assets/addons/fmod/icons/d_parameter_icon.png
res://.godot/imported/event_icon.svg-4e6e2103d076f95b7bef82f079e433e6.ctex to res://.assets/addons/fmod/icons/event_icon.png
res://.godot/imported/fmod_icon.svg-cca7eb13231881fafaea0d598d407ea3.ctex to res://.assets/addons/fmod/icons/fmod_icon.png
res://.godot/imported/snapshot_icon.svg-7b517248819b3685844766808fbce2a5.ctex to res://.assets/addons/fmod/icons/snapshot_icon.png
res://.godot/imported/vca_icon.svg-def43f27fe148a7a0b18c7dcaab20c79.ctex to res://.assets/addons/fmod/icons/vca_icon.png
res://.godot/imported/icon_close.svg-46b6acede46f987f5ae395b57a0a8f51.ctex to res://.assets/addons/godot-assetmanager/Textures/icon_close.png
res://.godot/imported/Folder.svg-caa50e6a0be9d456fd81991dfb537916.ctex to res://.assets/addons/gut/images/Folder.png
res://.godot/imported/Script.svg-34c66aae9c985e3e0470426acbbcda04.ctex to res://.assets/addons/gut/images/Script.png
------

The following files were not converted because support has not been implemented yet:
res://.godot/imported/Dialogue_FirstEverCustomerServed.dialogue-b38ff5c88884508c0ad5a371a01851b0.tres to res://Resources/Dialogue/Dialogue_FirstEverCustomerServed.dialogue
res://.godot/imported/Dialogue_FirstEverCustomerVisit.dialogue-5af8ae83efa149be2edc9bf47c5424b5.tres to res://Resources/Dialogue/Dialogue_FirstEverCustomerVisit.dialogue
res://.godot/imported/Dialogue_FirstEverS1Customer.dialogue-1156124852c2183077e9ca88c693035f.tres to res://Resources/Dialogue/Dialogue_FirstEverS1Customer.dialogue
res://.godot/imported/Dialogue_Prologue.dialogue-f6aec7fa096015ee1387170727bb5979.tres to res://Resources/Dialogue/Prologue/Dialogue_Prologue.dialogue
res://.godot/imported/source_code_pro.fnt-042fb383b3c7b4c19e67c852f7fbefca.fontdata to res://addons/gut/source_code_pro.fnt



---------------------------------IMPORTANT NOTES----------------------------------


Unsupported Resources Detected:
The following resource types were detected in the project that conversion is not implemented for yet.
See Export Report to see which resources were not exported.
You will still be able to edit the project in the editor regardless.
 - Resource Type: Resource, Format: dialogue
 - Resource Type: FontFile, Format: fnt

------
Incomplete Plugin Export:
The following addons failed to have their plugin.cfg regenerated
You may encounter editor errors due to this.
Tip: Try finding the plugin in the Godot Asset Library or Github.

 - buildable_system



------------------------------------------------------------------------------------

Use Godot editor version 4.4.0 to edit the project.
Note: the project may be using a custom version of Godot. Detection for this has not been implemented yet.
If you find that you have many non-import errors upon opening the project 
(i.e. scripts or shaders have many errors), use the original game's binary as the export template.

*******************************************************************************

